TN:
SF:src\modules\appointments\services\CreateAppointmentService.ts
FN:74,__decorate
FN:74,__metadata
FN:74,__param
FN:74,__awaiter
FN:74,adopt
FN:74,fulfilled
FN:74,rejected
FN:74,step
FN:74,__importDefault
FN:18,CreateAppointmentService
FN:29,execute
FNF:11
FNH:10
FNDA:1,__decorate
FNDA:1,__metadata
FNDA:3,__param
FNDA:7,__awaiter
FNDA:9,adopt
FNDA:9,fulfilled
FNDA:0,rejected
FNDA:11,step
FNDA:1,__importDefault
FNDA:5,CreateAppointmentService
FNDA:7,execute
DA:1,1
DA:2,1
DA:3,1
DA:4,1
DA:5,1
DA:6,1
DA:7,1
DA:8,1
DA:9,1
DA:10,1
DA:11,1
DA:12,1
DA:13,1
DA:14,1
DA:15,1
DA:16,1
DA:17,1
DA:18,1
DA:19,5
DA:20,5
DA:21,5
DA:22,5
DA:23,5
DA:24,5
DA:25,5
DA:26,5
DA:27,5
DA:28,1
DA:29,1
DA:30,7
DA:31,7
DA:32,7
DA:33,2
DA:34,2
DA:35,5
DA:36,7
DA:37,1
DA:38,1
DA:39,4
DA:40,7
DA:41,1
DA:42,1
DA:43,3
DA:44,3
DA:45,3
DA:46,3
DA:47,3
DA:48,7
DA:49,1
DA:50,1
DA:51,2
DA:52,2
DA:53,2
DA:54,2
DA:55,2
DA:56,2
DA:57,2
DA:58,2
DA:59,2
DA:60,2
DA:61,2
DA:62,2
DA:63,2
DA:64,2
DA:65,2
DA:66,2
DA:67,2
DA:68,2
DA:69,2
DA:70,2
DA:71,2
DA:72,1
DA:73,1
DA:74,1
LF:74
LH:74
BRDA:74,0,0,1
BRDA:74,1,0,1
BRDA:74,2,0,0
BRDA:74,3,0,0
BRDA:74,4,0,0
BRDA:74,5,0,0
BRDA:74,6,0,1
BRDA:74,7,0,3
BRDA:74,8,0,3
BRDA:74,9,0,7
BRDA:74,10,0,9
BRDA:74,11,0,0
BRDA:74,12,0,7
BRDA:74,13,0,9
BRDA:74,14,0,8
BRDA:74,15,0,1
BRDA:74,16,0,11
BRDA:74,17,0,2
BRDA:74,18,0,9
BRDA:74,19,0,1
BRDA:74,20,0,0
BRDA:18,21,0,5
BRDA:29,22,0,7
BRDA:74,23,0,7
BRDA:32,24,0,2
BRDA:34,25,0,5
BRDA:36,26,0,1
BRDA:38,27,0,4
BRDA:40,28,0,3
BRDA:40,29,0,1
BRDA:42,30,0,3
BRDA:48,31,0,1
BRDA:50,32,0,2
BRF:33
BRH:27
end_of_record
TN:
SF:src\modules\appointments\services\ListProviderAppointmentsService.ts
FN:55,__decorate
FN:55,__metadata
FN:55,__param
FN:55,__awaiter
FN:55,adopt
FN:55,fulfilled
FN:55,rejected
FN:55,step
FN:15,ListProviderAppointmentsService
FN:23,execute
FNF:10
FNH:9
FNDA:1,__decorate
FNDA:1,__metadata
FNDA:2,__param
FNDA:1,__awaiter
FNDA:3,adopt
FNDA:3,fulfilled
FNDA:0,rejected
FNDA:4,step
FNDA:1,ListProviderAppointmentsService
FNDA:1,execute
DA:1,1
DA:2,1
DA:3,1
DA:4,1
DA:5,1
DA:6,1
DA:7,1
DA:8,1
DA:9,1
DA:10,1
DA:11,1
DA:12,1
DA:13,1
DA:14,1
DA:15,1
DA:16,1
DA:17,1
DA:18,1
DA:19,1
DA:20,1
DA:21,1
DA:22,1
DA:23,1
DA:24,1
DA:25,1
DA:26,1
DA:27,1
DA:28,1
DA:29,1
DA:30,1
DA:31,1
DA:32,1
DA:33,1
DA:34,1
DA:35,1
DA:36,1
DA:37,1
DA:38,1
DA:39,1
DA:40,1
DA:41,1
DA:42,1
DA:43,1
DA:44,1
DA:45,1
DA:46,1
DA:47,1
DA:48,1
DA:49,1
DA:50,1
DA:51,1
DA:52,1
DA:53,1
DA:54,1
DA:55,1
LF:55
LH:55
BRDA:55,0,0,1
BRDA:55,1,0,1
BRDA:55,2,0,0
BRDA:55,3,0,0
BRDA:55,4,0,0
BRDA:55,5,0,0
BRDA:55,6,0,1
BRDA:55,7,0,2
BRDA:55,8,0,2
BRDA:55,9,0,1
BRDA:55,10,0,3
BRDA:55,11,0,0
BRDA:55,12,0,1
BRDA:55,13,0,3
BRDA:55,14,0,0
BRDA:55,15,0,4
BRDA:55,16,0,1
BRDA:55,17,0,3
BRDA:15,18,0,1
BRDA:23,19,0,1
BRDA:55,20,0,1
BRF:21
BRH:15
end_of_record
TN:
SF:src\modules\appointments\services\ListProviderDayAvailabilityService.ts
FN:63,__decorate
FN:63,__metadata
FN:63,__param
FN:63,__awaiter
FN:63,adopt
FN:63,fulfilled
FN:63,rejected
FN:63,step
FN:19,ListProviderDayAvailibilityService
FN:24,execute
FNF:10
FNH:9
FNDA:1,__decorate
FNDA:1,__metadata
FNDA:1,__param
FNDA:1,__awaiter
FNDA:1,adopt
FNDA:1,fulfilled
FNDA:0,rejected
FNDA:2,step
FNDA:1,ListProviderDayAvailibilityService
FNDA:1,execute
DA:1,1
DA:2,1
DA:3,1
DA:4,1
DA:5,1
DA:6,1
DA:7,1
DA:8,1
DA:9,1
DA:10,1
DA:11,1
DA:12,1
DA:13,1
DA:14,1
DA:15,1
DA:16,1
DA:17,1
DA:18,1
DA:19,1
DA:20,1
DA:21,1
DA:22,1
DA:23,1
DA:24,1
DA:25,1
DA:26,1
DA:27,1
DA:28,1
DA:29,1
DA:30,1
DA:31,1
DA:32,1
DA:33,1
DA:34,1
DA:35,1
DA:36,1
DA:37,1
DA:38,1
DA:39,1
DA:40,1
DA:41,1
DA:42,1
DA:43,1
DA:44,1
DA:45,1
DA:46,10
DA:47,19
DA:48,10
DA:49,10
DA:50,10
DA:51,10
DA:52,10
DA:53,10
DA:54,10
DA:55,10
DA:56,10
DA:57,1
DA:58,1
DA:59,1
DA:60,1
DA:61,1
DA:62,1
DA:63,1
LF:63
LH:63
BRDA:63,0,0,1
BRDA:63,1,0,1
BRDA:63,2,0,0
BRDA:63,3,0,0
BRDA:63,4,0,0
BRDA:63,5,0,0
BRDA:63,6,0,1
BRDA:63,7,0,1
BRDA:63,8,0,1
BRDA:63,9,0,1
BRDA:63,10,0,1
BRDA:63,11,0,0
BRDA:63,12,0,1
BRDA:63,13,0,1
BRDA:63,14,0,0
BRDA:63,15,0,2
BRDA:63,16,0,1
BRDA:63,17,0,1
BRDA:19,18,0,1
BRDA:24,19,0,1
BRDA:63,20,0,1
BRDA:40,21,0,10
BRDA:45,22,0,10
BRDA:55,23,0,8
BRDA:46,24,0,19
BRF:25
BRH:19
end_of_record
TN:
SF:src\modules\appointments\services\ListProviderMonthAvailabilityService.ts
FN:59,__decorate
FN:59,__metadata
FN:59,__param
FN:59,__awaiter
FN:59,adopt
FN:59,fulfilled
FN:59,rejected
FN:59,step
FN:18,ListProviderMonthAvailibilityService
FN:23,execute
FNF:10
FNH:9
FNDA:1,__decorate
FNDA:1,__metadata
FNDA:1,__param
FNDA:1,__awaiter
FNDA:1,adopt
FNDA:1,fulfilled
FNDA:0,rejected
FNDA:2,step
FNDA:1,ListProviderMonthAvailibilityService
FNDA:1,execute
DA:1,1
DA:2,1
DA:3,1
DA:4,1
DA:5,1
DA:6,1
DA:7,1
DA:8,1
DA:9,1
DA:10,1
DA:11,1
DA:12,1
DA:13,1
DA:14,1
DA:15,1
DA:16,1
DA:17,1
DA:18,1
DA:19,1
DA:20,1
DA:21,1
DA:22,1
DA:23,1
DA:24,1
DA:25,1
DA:26,1
DA:27,1
DA:28,1
DA:29,1
DA:30,1
DA:31,1
DA:32,1
DA:33,1
DA:34,1
DA:35,1
DA:36,1
DA:37,1
DA:38,1
DA:39,1
DA:40,1
DA:41,1
DA:42,1
DA:43,1
DA:44,30
DA:45,330
DA:46,30
DA:47,30
DA:48,30
DA:49,30
DA:50,30
DA:51,30
DA:52,30
DA:53,1
DA:54,1
DA:55,1
DA:56,1
DA:57,1
DA:58,1
DA:59,1
LF:59
LH:59
BRDA:59,0,0,1
BRDA:59,1,0,1
BRDA:59,2,0,0
BRDA:59,3,0,0
BRDA:59,4,0,0
BRDA:59,5,0,0
BRDA:59,6,0,1
BRDA:59,7,0,1
BRDA:59,8,0,1
BRDA:59,9,0,1
BRDA:59,10,0,1
BRDA:59,11,0,0
BRDA:59,12,0,1
BRDA:59,13,0,1
BRDA:59,14,0,0
BRDA:59,15,0,2
BRDA:59,16,0,1
BRDA:59,17,0,1
BRDA:18,18,0,1
BRDA:23,19,0,1
BRDA:59,20,0,1
BRDA:40,21,0,30
BRDA:43,22,0,30
BRDA:44,23,0,330
BRF:24
BRH:18
end_of_record
TN:
SF:src\modules\appointments\services\ListProvidersService.ts
FN:35,__decorate
FN:35,__metadata
FN:35,__param
FN:35,__awaiter
FN:35,adopt
FN:35,fulfilled
FN:35,rejected
FN:35,step
FN:12,ShowProfileService
FN:20,execute
FNF:10
FNH:9
FNDA:1,__decorate
FNDA:1,__metadata
FNDA:2,__param
FNDA:1,__awaiter
FNDA:3,adopt
FNDA:3,fulfilled
FNDA:0,rejected
FNDA:4,step
FNDA:1,ShowProfileService
FNDA:1,execute
DA:1,1
DA:2,1
DA:3,1
DA:4,1
DA:5,1
DA:6,1
DA:7,1
DA:8,1
DA:9,1
DA:10,1
DA:11,1
DA:12,1
DA:13,1
DA:14,1
DA:15,1
DA:16,1
DA:17,1
DA:18,1
DA:19,1
DA:20,1
DA:21,1
DA:22,1
DA:23,1
DA:24,1
DA:25,1
DA:26,1
DA:27,1
DA:28,1
DA:29,1
DA:30,1
DA:31,1
DA:32,1
DA:33,1
DA:34,1
DA:35,1
LF:35
LH:35
BRDA:35,0,0,1
BRDA:35,1,0,1
BRDA:35,2,0,0
BRDA:35,3,0,0
BRDA:35,4,0,0
BRDA:35,5,0,0
BRDA:35,6,0,1
BRDA:35,7,0,2
BRDA:35,8,0,2
BRDA:35,9,0,1
BRDA:35,10,0,3
BRDA:35,11,0,0
BRDA:35,12,0,1
BRDA:35,13,0,3
BRDA:35,14,0,0
BRDA:35,15,0,4
BRDA:35,16,0,1
BRDA:35,17,0,3
BRDA:12,18,0,1
BRDA:20,19,0,1
BRDA:35,20,0,1
BRF:21
BRH:15
end_of_record
TN:
SF:src\modules\users\services\AuthenticateUserService.ts
FN:60,__decorate
FN:60,__metadata
FN:60,__param
FN:60,__awaiter
FN:60,adopt
FN:60,fulfilled
FN:60,rejected
FN:60,step
FN:60,__importDefault
FN:22,AuthenticateUserService
FN:30,execute
FNF:11
FNH:10
FNDA:1,__decorate
FNDA:1,__metadata
FNDA:2,__param
FNDA:3,__awaiter
FNDA:5,adopt
FNDA:5,fulfilled
FNDA:0,rejected
FNDA:6,step
FNDA:2,__importDefault
FNDA:3,AuthenticateUserService
FNDA:3,execute
DA:1,1
DA:2,1
DA:3,1
DA:4,1
DA:5,1
DA:6,1
DA:7,1
DA:8,1
DA:9,1
DA:10,1
DA:11,1
DA:12,1
DA:13,1
DA:14,1
DA:15,1
DA:16,1
DA:17,1
DA:18,1
DA:19,1
DA:20,1
DA:21,1
DA:22,1
DA:23,3
DA:24,3
DA:25,3
DA:26,3
DA:27,3
DA:28,3
DA:29,1
DA:30,1
DA:31,3
DA:32,3
DA:33,3
DA:34,3
DA:35,1
DA:36,1
DA:37,2
DA:38,2
DA:39,2
DA:40,2
DA:41,3
DA:42,1
DA:43,1
DA:44,1
DA:45,1
DA:46,1
DA:47,1
DA:48,1
DA:49,1
DA:50,1
DA:51,1
DA:52,1
DA:53,1
DA:54,1
DA:55,1
DA:56,1
DA:57,1
DA:58,1
DA:59,1
DA:60,1
LF:60
LH:60
BRDA:60,0,0,1
BRDA:60,1,0,1
BRDA:60,2,0,0
BRDA:60,3,0,0
BRDA:60,4,0,0
BRDA:60,5,0,0
BRDA:60,6,0,1
BRDA:60,7,0,2
BRDA:60,8,0,2
BRDA:60,9,0,3
BRDA:60,10,0,5
BRDA:60,11,0,0
BRDA:60,12,0,3
BRDA:60,13,0,5
BRDA:60,14,0,3
BRDA:60,15,0,2
BRDA:60,16,0,6
BRDA:60,17,0,1
BRDA:60,18,0,5
BRDA:60,19,0,2
BRDA:60,20,0,0
BRDA:22,21,0,3
BRDA:30,22,0,3
BRDA:60,23,0,3
BRDA:34,24,0,1
BRDA:36,25,0,2
BRDA:41,26,0,1
BRF:27
BRH:21
end_of_record
TN:
SF:src\modules\users\services\CreateUserService.ts
FN:52,__decorate
FN:52,__metadata
FN:52,__param
FN:52,__awaiter
FN:52,adopt
FN:52,fulfilled
FN:52,rejected
FN:52,step
FN:52,__importDefault
FN:17,CreateUserService
FN:28,execute
FNF:11
FNH:10
FNDA:1,__decorate
FNDA:1,__metadata
FNDA:3,__param
FNDA:3,__awaiter
FNDA:9,adopt
FNDA:9,fulfilled
FNDA:0,rejected
FNDA:11,step
FNDA:1,__importDefault
FNDA:2,CreateUserService
FNDA:3,execute
DA:1,1
DA:2,1
DA:3,1
DA:4,1
DA:5,1
DA:6,1
DA:7,1
DA:8,1
DA:9,1
DA:10,1
DA:11,1
DA:12,1
DA:13,1
DA:14,1
DA:15,1
DA:16,1
DA:17,1
DA:18,2
DA:19,2
DA:20,2
DA:21,2
DA:22,2
DA:23,2
DA:24,2
DA:25,2
DA:26,2
DA:27,1
DA:28,1
DA:29,3
DA:30,3
DA:31,3
DA:32,3
DA:33,3
DA:34,1
DA:35,1
DA:36,2
DA:37,2
DA:38,2
DA:39,2
DA:40,2
DA:41,2
DA:42,2
DA:43,2
DA:44,2
DA:45,2
DA:46,2
DA:47,2
DA:48,2
DA:49,2
DA:50,1
DA:51,1
DA:52,1
LF:52
LH:52
BRDA:52,0,0,1
BRDA:52,1,0,1
BRDA:52,2,0,0
BRDA:52,3,0,0
BRDA:52,4,0,0
BRDA:52,5,0,0
BRDA:52,6,0,1
BRDA:52,7,0,3
BRDA:52,8,0,3
BRDA:52,9,0,3
BRDA:52,10,0,9
BRDA:52,11,0,0
BRDA:52,12,0,3
BRDA:52,13,0,9
BRDA:52,14,0,8
BRDA:52,15,0,1
BRDA:52,16,0,11
BRDA:52,17,0,2
BRDA:52,18,0,9
BRDA:52,19,0,1
BRDA:52,20,0,0
BRDA:17,21,0,2
BRDA:28,22,0,3
BRDA:52,23,0,3
BRDA:33,24,0,1
BRDA:35,25,0,2
BRF:26
BRH:20
end_of_record
TN:
SF:src\modules\users\services\ResetPasswordService.ts
FN:53,__decorate
FN:53,__metadata
FN:53,__param
FN:53,__awaiter
FN:53,adopt
FN:53,fulfilled
FN:53,rejected
FN:53,step
FN:53,__importDefault
FN:16,ResetPasswordService
FN:27,execute
FNF:11
FNH:10
FNDA:1,__decorate
FNDA:1,__metadata
FNDA:3,__param
FNDA:4,__awaiter
FNDA:9,adopt
FNDA:9,fulfilled
FNDA:0,rejected
FNDA:10,step
FNDA:1,__importDefault
FNDA:4,ResetPasswordService
FNDA:4,execute
DA:1,1
DA:2,1
DA:3,1
DA:4,1
DA:5,1
DA:6,1
DA:7,1
DA:8,1
DA:9,1
DA:10,1
DA:11,1
DA:12,1
DA:13,1
DA:14,1
DA:15,1
DA:16,1
DA:17,4
DA:18,4
DA:19,4
DA:20,4
DA:21,4
DA:22,4
DA:23,4
DA:24,4
DA:25,4
DA:26,1
DA:27,1
DA:28,4
DA:29,4
DA:30,4
DA:31,1
DA:32,1
DA:33,3
DA:34,3
DA:35,3
DA:36,4
DA:37,1
DA:38,1
DA:39,2
DA:40,2
DA:41,2
DA:42,2
DA:43,4
DA:44,1
DA:45,1
DA:46,1
DA:47,1
DA:48,1
DA:49,1
DA:50,1
DA:51,1
DA:52,1
DA:53,1
LF:53
LH:53
BRDA:53,0,0,1
BRDA:53,1,0,1
BRDA:53,2,0,0
BRDA:53,3,0,0
BRDA:53,4,0,0
BRDA:53,5,0,0
BRDA:53,6,0,1
BRDA:53,7,0,3
BRDA:53,8,0,3
BRDA:53,9,0,4
BRDA:53,10,0,9
BRDA:53,11,0,0
BRDA:53,12,0,4
BRDA:53,13,0,9
BRDA:53,14,0,6
BRDA:53,15,0,3
BRDA:53,16,0,10
BRDA:53,17,0,1
BRDA:53,18,0,9
BRDA:53,19,0,1
BRDA:53,20,0,0
BRDA:16,21,0,4
BRDA:27,22,0,4
BRDA:53,23,0,4
BRDA:30,24,0,1
BRDA:32,25,0,3
BRDA:36,26,0,1
BRDA:38,27,0,2
BRDA:43,28,0,1
BRF:29
BRH:23
end_of_record
TN:
SF:src\modules\users\services\SendForgotPasswordEmailService.ts
FN:59,__decorate
FN:59,__metadata
FN:59,__param
FN:59,__awaiter
FN:59,adopt
FN:59,fulfilled
FN:59,rejected
FN:59,step
FN:59,__importDefault
FN:15,SendForgotPasswordEmailService
FN:26,execute
FNF:11
FNH:10
FNDA:1,__decorate
FNDA:1,__metadata
FNDA:3,__param
FNDA:3,__awaiter
FNDA:7,adopt
FNDA:7,fulfilled
FNDA:0,rejected
FNDA:9,step
FNDA:2,__importDefault
FNDA:3,SendForgotPasswordEmailService
FNDA:3,execute
DA:1,1
DA:2,1
DA:3,1
DA:4,1
DA:5,1
DA:6,1
DA:7,1
DA:8,1
DA:9,1
DA:10,1
DA:11,1
DA:12,1
DA:13,1
DA:14,1
DA:15,1
DA:16,3
DA:17,3
DA:18,3
DA:19,3
DA:20,3
DA:21,3
DA:22,3
DA:23,3
DA:24,3
DA:25,1
DA:26,1
DA:27,3
DA:28,3
DA:29,3
DA:30,1
DA:31,1
DA:32,2
DA:33,2
DA:34,2
DA:35,2
DA:36,2
DA:37,2
DA:38,2
DA:39,2
DA:40,2
DA:41,2
DA:42,2
DA:43,2
DA:44,2
DA:45,2
DA:46,2
DA:47,2
DA:48,2
DA:49,2
DA:50,2
DA:51,2
DA:52,2
DA:53,2
DA:54,2
DA:55,2
DA:56,2
DA:57,1
DA:58,1
DA:59,1
LF:59
LH:59
BRDA:59,0,0,1
BRDA:59,1,0,1
BRDA:59,2,0,0
BRDA:59,3,0,0
BRDA:59,4,0,0
BRDA:59,5,0,0
BRDA:59,6,0,1
BRDA:59,7,0,3
BRDA:59,8,0,3
BRDA:59,9,0,3
BRDA:59,10,0,7
BRDA:59,11,0,0
BRDA:59,12,0,3
BRDA:59,13,0,7
BRDA:59,14,0,6
BRDA:59,15,0,1
BRDA:59,16,0,9
BRDA:59,17,0,2
BRDA:59,18,0,7
BRDA:59,19,0,2
BRDA:59,20,0,1
BRDA:59,21,0,1
BRDA:15,22,0,3
BRDA:26,23,0,3
BRDA:59,24,0,3
BRDA:29,25,0,1
BRDA:31,26,0,2
BRF:27
BRH:22
end_of_record
TN:
SF:src\modules\users\services\ShowProfileService.ts
FN:28,__decorate
FN:28,__metadata
FN:28,__param
FN:28,__awaiter
FN:28,adopt
FN:28,fulfilled
FN:28,rejected
FN:28,step
FN:28,__importDefault
FN:12,ShowProfileService
FN:17,execute
FNF:11
FNH:10
FNDA:1,__decorate
FNDA:1,__metadata
FNDA:1,__param
FNDA:2,__awaiter
FNDA:2,adopt
FNDA:2,fulfilled
FNDA:0,rejected
FNDA:3,step
FNDA:1,__importDefault
FNDA:2,ShowProfileService
FNDA:2,execute
DA:1,1
DA:2,1
DA:3,1
DA:4,1
DA:5,1
DA:6,1
DA:7,1
DA:8,1
DA:9,1
DA:10,1
DA:11,1
DA:12,1
DA:13,2
DA:14,2
DA:15,2
DA:16,1
DA:17,1
DA:18,2
DA:19,2
DA:20,2
DA:21,1
DA:22,1
DA:23,1
DA:24,1
DA:25,1
DA:26,1
DA:27,1
DA:28,1
LF:28
LH:28
BRDA:28,0,0,1
BRDA:28,1,0,1
BRDA:28,2,0,0
BRDA:28,3,0,0
BRDA:28,4,0,0
BRDA:28,5,0,0
BRDA:28,6,0,1
BRDA:28,7,0,1
BRDA:28,8,0,1
BRDA:28,9,0,2
BRDA:28,10,0,2
BRDA:28,11,0,0
BRDA:28,12,0,2
BRDA:28,13,0,2
BRDA:28,14,0,1
BRDA:28,15,0,3
BRDA:28,16,0,1
BRDA:28,17,0,2
BRDA:28,18,0,1
BRDA:28,19,0,0
BRDA:12,20,0,2
BRDA:17,21,0,2
BRDA:28,22,0,2
BRDA:20,23,0,1
BRF:24
BRH:18
end_of_record
TN:
SF:src\modules\users\services\UpdateProfileService.ts
FN:71,__decorate
FN:71,__metadata
FN:71,__param
FN:71,__awaiter
FN:71,adopt
FN:71,fulfilled
FN:71,rejected
FN:71,step
FN:71,__importDefault
FN:18,UpdateProfileService
FN:26,execute
FNF:11
FNH:10
FNDA:1,__decorate
FNDA:1,__metadata
FNDA:2,__param
FNDA:6,__awaiter
FNDA:14,adopt
FNDA:14,fulfilled
FNDA:0,rejected
FNDA:16,step
FNDA:1,__importDefault
FNDA:6,UpdateProfileService
FNDA:6,execute
DA:1,1
DA:2,1
DA:3,1
DA:4,1
DA:5,1
DA:6,1
DA:7,1
DA:8,1
DA:9,1
DA:10,1
DA:11,1
DA:12,1
DA:13,1
DA:14,1
DA:15,1
DA:16,1
DA:17,1
DA:18,1
DA:19,6
DA:20,6
DA:21,6
DA:22,6
DA:23,6
DA:24,6
DA:25,1
DA:26,1
DA:27,6
DA:28,6
DA:29,6
DA:30,6
DA:31,6
DA:32,6
DA:33,6
DA:34,6
DA:35,6
DA:36,1
DA:37,1
DA:38,5
DA:39,5
DA:40,5
DA:41,6
DA:42,1
DA:43,1
DA:44,4
DA:45,4
DA:46,4
DA:47,4
DA:48,6
DA:49,1
DA:50,1
DA:51,1
DA:52,1
DA:53,3
DA:54,6
DA:55,2
DA:56,2
DA:57,2
DA:58,2
DA:59,2
DA:60,2
DA:61,1
DA:62,1
DA:63,1
DA:64,1
DA:65,1
DA:66,2
DA:67,2
DA:68,2
DA:69,1
DA:70,1
DA:71,1
LF:71
LH:71
BRDA:71,0,0,1
BRDA:71,1,0,1
BRDA:71,2,0,0
BRDA:71,3,0,0
BRDA:71,4,0,0
BRDA:71,5,0,0
BRDA:71,6,0,1
BRDA:71,7,0,2
BRDA:71,8,0,2
BRDA:71,9,0,6
BRDA:71,10,0,14
BRDA:71,11,0,0
BRDA:71,12,0,6
BRDA:71,13,0,14
BRDA:71,14,0,10
BRDA:71,15,0,4
BRDA:71,16,0,16
BRDA:71,17,0,2
BRDA:71,18,0,14
BRDA:71,19,0,1
BRDA:71,20,0,0
BRDA:18,21,0,6
BRDA:26,22,0,6
BRDA:71,23,0,6
BRDA:35,24,0,1
BRDA:37,25,0,5
BRDA:41,26,0,1
BRDA:41,27,0,1
BRDA:43,28,0,4
BRDA:48,29,0,3
BRDA:48,30,0,1
BRDA:52,31,0,3
BRDA:54,32,0,2
BRDA:54,33,0,2
BRDA:60,34,0,1
BRF:35
BRH:29
end_of_record
TN:
SF:src\modules\users\services\UpdateUserAvatarService.ts
FN:44,__decorate
FN:44,__metadata
FN:44,__param
FN:44,__awaiter
FN:44,adopt
FN:44,fulfilled
FN:44,rejected
FN:44,step
FN:44,__importDefault
FN:14,UpdateUserAvatarService
FN:22,execute
FNF:11
FNH:10
FNDA:1,__decorate
FNDA:1,__metadata
FNDA:2,__param
FNDA:4,__awaiter
FNDA:11,adopt
FNDA:11,fulfilled
FNDA:0,rejected
FNDA:14,step
FNDA:1,__importDefault
FNDA:3,UpdateUserAvatarService
FNDA:4,execute
DA:1,1
DA:2,1
DA:3,1
DA:4,1
DA:5,1
DA:6,1
DA:7,1
DA:8,1
DA:9,1
DA:10,1
DA:11,1
DA:12,1
DA:13,1
DA:14,1
DA:15,3
DA:16,3
DA:17,3
DA:18,3
DA:19,3
DA:20,3
DA:21,1
DA:22,1
DA:23,4
DA:24,4
DA:25,4
DA:26,4
DA:27,1
DA:28,1
DA:29,3
DA:30,4
DA:31,1
DA:32,1
DA:33,3
DA:34,3
DA:35,3
DA:36,3
DA:37,3
DA:38,3
DA:39,3
DA:40,3
DA:41,3
DA:42,1
DA:43,1
DA:44,1
LF:44
LH:44
BRDA:44,0,0,1
BRDA:44,1,0,1
BRDA:44,2,0,0
BRDA:44,3,0,0
BRDA:44,4,0,0
BRDA:44,5,0,0
BRDA:44,6,0,1
BRDA:44,7,0,2
BRDA:44,8,0,2
BRDA:44,9,0,4
BRDA:44,10,0,11
BRDA:44,11,0,0
BRDA:44,12,0,4
BRDA:44,13,0,11
BRDA:44,14,0,10
BRDA:44,15,0,1
BRDA:44,16,0,14
BRDA:44,17,0,3
BRDA:44,18,0,11
BRDA:44,19,0,1
BRDA:44,20,0,0
BRDA:14,21,0,3
BRDA:22,22,0,4
BRDA:44,23,0,4
BRDA:26,24,0,1
BRDA:28,25,0,3
BRDA:30,26,0,1
BRDA:32,27,0,3
BRF:28
BRH:22
end_of_record
